<?xml version="1.0" encoding="UTF-8"?>
<testsuite xmlns:xsi="http://www.w3.org/2001/XMLSchema-instance" xsi:noNamespaceSchemaLocation="https://maven.apache.org/surefire/maven-surefire-plugin/xsd/surefire-test-report.xsd" name="order.ReceivingOrderTest" time="0.668" tests="2" errors="0" skipped="0" failures="0">
  <properties>
[...]
</properties>
  <testcase name="getOrderWithAuthorization" classname="order.ReceivingOrderTest" time="0.45"/>
  <testcase name="getOrderWithoutAuthorization" classname="order.ReceivingOrderTest" time="0.213"/>
</testsuite>